2026-06-14 19:55:27,252 - INFO - Starting World Cup 2026 data fetch from football-data.org...
2026-06-14 19:55:27,253 - INFO - Fetching World Cup matches from https://api.football-data.org/v4/competitions/WC/matches
2026-06-14 19:55:28,122 - INFO - Successfully fetched 104 World Cup matches
2026-06-14 19:55:28,138 - INFO - Updated /Users/benjaminpalmer/TBPS/html/html/json/world-cup.json with 104 matches
2026-06-14 19:55:28,138 - INFO - Successfully updated with 104 matches
2026-06-14 19:56:40,303 - INFO - Starting World Cup 2026 data fetch from football-data.org...
2026-06-14 19:56:40,303 - INFO - Fetching World Cup matches from https://api.football-data.org/v4/competitions/WC/matches
2026-06-14 19:56:41,136 - INFO - Successfully fetched 104 World Cup matches
2026-06-14 19:56:41,151 - INFO - Updated /Users/benjaminpalmer/TBPS/html/html/json/world-cup.json with 104 matches
2026-06-14 19:56:41,151 - INFO - Successfully updated with 104 matches
2026-06-14 19:57:54,849 - INFO - Starting World Cup 2026 data fetch from football-data.org...
2026-06-14 19:57:54,849 - INFO - Fetching World Cup matches from https://api.football-data.org/v4/competitions/WC/matches
2026-06-14 19:57:55,660 - INFO - Successfully fetched 104 World Cup matches
2026-06-14 19:57:55,674 - INFO - Updated /Users/benjaminpalmer/TBPS/html/html/json/world-cup.json with 104 matches
2026-06-14 19:57:55,674 - INFO - Successfully updated with 104 matches
2026-06-14 20:02:46,109 - INFO - Starting World Cup 2026 data fetch from football-data.org...
2026-06-14 20:02:46,110 - INFO - Fetching World Cup matches from https://api.football-data.org/v4/competitions/WC/matches
2026-06-14 20:02:46,938 - INFO - Successfully fetched 104 World Cup matches
2026-06-14 20:02:46,964 - INFO - Updated /Users/benjaminpalmer/TBPS/html/html/json/world-cup.json with 104 matches
2026-06-14 20:02:46,964 - INFO - Successfully updated with 104 matches
2026-06-14 20:03:32,020 - INFO - Starting World Cup 2026 data fetch from football-data.org...
2026-06-14 20:03:32,020 - INFO - Fetching World Cup matches from https://api.football-data.org/v4/competitions/WC/matches
2026-06-14 20:03:32,854 - INFO - Successfully fetched 104 World Cup matches
2026-06-14 20:03:32,869 - INFO - Updated /Users/benjaminpalmer/TBPS/html/html/json/world-cup.json with 104 matches
2026-06-14 20:03:32,869 - INFO - Successfully updated with 104 matches
2026-06-14 20:04:12,816 - INFO - Starting World Cup 2026 data fetch from football-data.org...
2026-06-14 20:04:12,817 - INFO - Fetching World Cup matches from https://api.football-data.org/v4/competitions/WC/matches
2026-06-14 20:04:13,692 - INFO - Successfully fetched 104 World Cup matches
2026-06-14 20:04:13,726 - INFO - Updated /Users/benjaminpalmer/TBPS/html/html/json/world-cup.json with 104 matches
2026-06-14 20:04:13,727 - INFO - Successfully updated with 104 matches
2026-06-14 20:07:48,684 - INFO - Starting World Cup 2026 data fetch from football-data.org...
2026-06-14 20:07:48,684 - INFO - Fetching World Cup matches from https://api.football-data.org/v4/competitions/WC/matches
2026-06-14 20:07:49,473 - INFO - Successfully fetched 104 World Cup matches
2026-06-14 20:07:49,487 - INFO - Updated /Users/benjaminpalmer/TBPS/html/html/json/world-cup.json with 104 matches
2026-06-14 20:07:49,487 - INFO - Successfully updated with 104 matches
